<?xml version="1.0" encoding="UTF-8"?>
<testng-results ignored="0" total="3" passed="3" failed="0" skipped="0">
  <reporter-output>
  </reporter-output>
  <suite started-at="2023-05-02T15:55:48 IST" name="Default suite" finished-at="2023-05-02T15:56:00 IST" duration-ms="11855">
    <groups>
    </groups>
    <test started-at="2023-05-02T15:55:48 IST" name="Default test" finished-at="2023-05-02T15:56:00 IST" duration-ms="11855">
      <class name="mav2.Mprac">
        <test-method is-config="true" signature="Start()[pri:0, instance:mav2.Mprac@ffaa6af]" started-at="2023-05-02T15:55:48 IST" name="Start" finished-at="2023-05-02T15:56:00 IST" duration-ms="11531" status="PASS">
          <reporter-output>
          </reporter-output>
        </test-method> <!-- Start -->
        <test-method signature="GetTitle()[pri:0, instance:mav2.Mprac@ffaa6af]" started-at="2023-05-02T15:56:00 IST" name="GetTitle" finished-at="2023-05-02T15:56:00 IST" duration-ms="24" status="PASS">
          <reporter-output>
          </reporter-output>
        </test-method> <!-- GetTitle -->
        <test-method signature="GetURL()[pri:0, instance:mav2.Mprac@ffaa6af]" started-at="2023-05-02T15:56:00 IST" name="GetURL" finished-at="2023-05-02T15:56:00 IST" duration-ms="5" status="PASS">
          <reporter-output>
          </reporter-output>
        </test-method> <!-- GetURL -->
        <test-method signature="getWindowHandle()[pri:0, instance:mav2.Mprac@ffaa6af]" started-at="2023-05-02T15:56:00 IST" name="getWindowHandle" finished-at="2023-05-02T15:56:00 IST" duration-ms="3" status="PASS">
          <reporter-output>
          </reporter-output>
        </test-method> <!-- getWindowHandle -->
        <test-method is-config="true" signature="End()[pri:0, instance:mav2.Mprac@ffaa6af]" started-at="2023-05-02T15:56:00 IST" name="End" finished-at="2023-05-02T15:56:00 IST" duration-ms="219" status="PASS">
          <reporter-output>
          </reporter-output>
        </test-method> <!-- End -->
      </class> <!-- mav2.Mprac -->
    </test> <!-- Default test -->
  </suite> <!-- Default suite -->
</testng-results>
